<?xml version="1.0" encoding="UTF-8"?>
<!-- Generated by org.testng.reporters.JUnitReportReporter -->
<testsuite hostname="LAPTOP-0IMO270T" failures="0" tests="1" name="runner.HomePageRunner" time="20.688" errors="0" timestamp="2023-03-21T14:54:32 EDT" skipped="0">
  <testcase classname="runner.HomePageRunner" name="runScenario" time="20.688"/>
  <system-out/>
</testsuite> <!-- runner.HomePageRunner -->
