<?xml version="1.0" encoding="UTF-8"?>
<!-- Generated by org.testng.reporters.JUnitReportReporter -->
<testsuite hostname="LAPTOP-0IMO270T" failures="0" tests="1" name="runner.HomePageRunner" time="38.507" errors="0" timestamp="2023-03-21T15:45:40 EDT" skipped="0">
  <testcase classname="runner.HomePageRunner" name="runScenario" time="38.507"/>
  <system-out/>
</testsuite> <!-- runner.HomePageRunner -->
