<?xml version="1.0" encoding="UTF-8"?>
<!-- Generated by org.testng.reporters.JUnitReportReporter -->
<testsuite hostname="LAPTOP-0IMO270T" failures="0" tests="2" name="runner.TestProjRunner" time="47.160" errors="0" timestamp="2023-03-21T14:54:32 EDT" skipped="0">
  <testcase classname="runner.TestProjRunner" name="runScenario" time="31.438"/>
  <system-out/>
  <testcase classname="runner.TestProjRunner" name="runScenario" time="15.722"/>
  <system-out/>
</testsuite> <!-- runner.TestProjRunner -->
